Performing C++ SOURCE FILE Test COMPILER_HAS_MBIG_OBJ failed with the following output:
Change Dir: /home/ubuntu20/Downloads/VoIP-software-master/build/CMakeFiles/CMakeTmp

Run Build Command(s):/usr/bin/make cmTC_9b367/fast && /usr/bin/make -f CMakeFiles/cmTC_9b367.dir/build.make CMakeFiles/cmTC_9b367.dir/build
make[1]: Entering directory '/home/ubuntu20/Downloads/VoIP-software-master/build/CMakeFiles/CMakeTmp'
Building CXX object CMakeFiles/cmTC_9b367.dir/src.cxx.o
/usr/bin/c++    -DCOMPILER_HAS_MBIG_OBJ -fPIE   -Wa-mbig-obj -std=c++14 -o CMakeFiles/cmTC_9b367.dir/src.cxx.o -c /home/ubuntu20/Downloads/VoIP-software-master/build/CMakeFiles/CMakeTmp/src.cxx
c++: error: unrecognized command line option '-Wa-mbig-obj'
make[1]: *** [CMakeFiles/cmTC_9b367.dir/build.make:66: CMakeFiles/cmTC_9b367.dir/src.cxx.o] Error 1
make[1]: Leaving directory '/home/ubuntu20/Downloads/VoIP-software-master/build/CMakeFiles/CMakeTmp'
make: *** [Makefile:121: cmTC_9b367/fast] Error 2


Source file was:
int main() { return 0; }
Performing C SOURCE FILE Test CMAKE_HAVE_LIBC_PTHREAD failed with the following output:
Change Dir: /home/ubuntu20/Downloads/VoIP-software-master/build/CMakeFiles/CMakeTmp

Run Build Command(s):/usr/bin/make cmTC_2d167/fast && /usr/bin/make -f CMakeFiles/cmTC_2d167.dir/build.make CMakeFiles/cmTC_2d167.dir/build
make[1]: Entering directory '/home/ubuntu20/Downloads/VoIP-software-master/build/CMakeFiles/CMakeTmp'
Building C object CMakeFiles/cmTC_2d167.dir/src.c.o
/usr/bin/cc   -DCMAKE_HAVE_LIBC_PTHREAD -fPIE   -o CMakeFiles/cmTC_2d167.dir/src.c.o   -c /home/ubuntu20/Downloads/VoIP-software-master/build/CMakeFiles/CMakeTmp/src.c
Linking C executable cmTC_2d167
/usr/bin/cmake -E cmake_link_script CMakeFiles/cmTC_2d167.dir/link.txt --verbose=1
/usr/bin/cc  -DCMAKE_HAVE_LIBC_PTHREAD    CMakeFiles/cmTC_2d167.dir/src.c.o  -o cmTC_2d167 
/usr/bin/ld: CMakeFiles/cmTC_2d167.dir/src.c.o: in function `main':
src.c:(.text+0x46): undefined reference to `pthread_create'
/usr/bin/ld: src.c:(.text+0x52): undefined reference to `pthread_detach'
/usr/bin/ld: src.c:(.text+0x63): undefined reference to `pthread_join'
collect2: error: ld returned 1 exit status
make[1]: *** [CMakeFiles/cmTC_2d167.dir/build.make:87: cmTC_2d167] Error 1
make[1]: Leaving directory '/home/ubuntu20/Downloads/VoIP-software-master/build/CMakeFiles/CMakeTmp'
make: *** [Makefile:121: cmTC_2d167/fast] Error 2


Source file was:
#include <pthread.h>

void* test_func(void* data)
{
  return data;
}

int main(void)
{
  pthread_t thread;
  pthread_create(&thread, NULL, test_func, NULL);
  pthread_detach(thread);
  pthread_join(thread, NULL);
  pthread_atfork(NULL, NULL, NULL);
  pthread_exit(NULL);

  return 0;
}

Determining if the function pthread_create exists in the pthreads failed with the following output:
Change Dir: /home/ubuntu20/Downloads/VoIP-software-master/build/CMakeFiles/CMakeTmp

Run Build Command(s):/usr/bin/make cmTC_edd9d/fast && /usr/bin/make -f CMakeFiles/cmTC_edd9d.dir/build.make CMakeFiles/cmTC_edd9d.dir/build
make[1]: Entering directory '/home/ubuntu20/Downloads/VoIP-software-master/build/CMakeFiles/CMakeTmp'
Building C object CMakeFiles/cmTC_edd9d.dir/CheckFunctionExists.c.o
/usr/bin/cc   -DCHECK_FUNCTION_EXISTS=pthread_create -fPIE   -o CMakeFiles/cmTC_edd9d.dir/CheckFunctionExists.c.o   -c /usr/share/cmake-3.16/Modules/CheckFunctionExists.c
Linking C executable cmTC_edd9d
/usr/bin/cmake -E cmake_link_script CMakeFiles/cmTC_edd9d.dir/link.txt --verbose=1
/usr/bin/cc  -DCHECK_FUNCTION_EXISTS=pthread_create    CMakeFiles/cmTC_edd9d.dir/CheckFunctionExists.c.o  -o cmTC_edd9d  -lpthreads 
/usr/bin/ld: cannot find -lpthreads
collect2: error: ld returned 1 exit status
make[1]: *** [CMakeFiles/cmTC_edd9d.dir/build.make:87: cmTC_edd9d] Error 1
make[1]: Leaving directory '/home/ubuntu20/Downloads/VoIP-software-master/build/CMakeFiles/CMakeTmp'
make: *** [Makefile:121: cmTC_edd9d/fast] Error 2



